Using pre-set license
Built from '2020.3/staging' branch; Version is '2020.3.5f1 (8095aa901b9b) revision 8426922'; Using compiler version '192528614'; Build Type 'Release'
OS: 'Windows 10 Pro; OS build 19041.928; Version 2004; 64bit' Language: 'en' Physical Memory: 16332 MB
BatchMode: 1, IsHumanControllingUs: 0, StartBugReporterOnCrash: 0, Is64bit: 1, IsPro: 0

 COMMAND LINE ARGUMENTS:
C:\Program Files\Unity\Hub\Editor\2020.3.5f1\Editor\Unity.exe
-adb2
-batchMode
-noUpm
-name
AssetImportWorker0
-projectPath
C:/Users/brian/Desktop/FinalGameJam_ViveirosBrian
-logFile
Logs/AssetImportWorker0.log
-srvPort
50482
Successfully changed project path to: C:/Users/brian/Desktop/FinalGameJam_ViveirosBrian
C:/Users/brian/Desktop/FinalGameJam_ViveirosBrian
Using Asset Import Pipeline V2.
Refreshing native plugins compatible for Editor in 50.02 ms, found 0 plugins.
Preloading 0 native plugins for Editor in 0.00 ms.
Initialize engine version: 2020.3.5f1 (8095aa901b9b)
[Subsystems] Discovering subsystems at path C:/Program Files/Unity/Hub/Editor/2020.3.5f1/Editor/Data/Resources/UnitySubsystems
[Subsystems] Discovering subsystems at path C:/Users/brian/Desktop/FinalGameJam_ViveirosBrian/Assets
GfxDevice: creating device client; threaded=0
Direct3D:
    Version:  Direct3D 11.0 [level 11.1]
    Renderer: NVIDIA GeForce GTX 1060 6GB (ID=0x1c03)
    Vendor:   
    VRAM:     6052 MB
    Driver:   27.21.14.6192
Initialize mono
Mono path[0] = 'C:/Program Files/Unity/Hub/Editor/2020.3.5f1/Editor/Data/Managed'
Mono path[1] = 'C:/Program Files/Unity/Hub/Editor/2020.3.5f1/Editor/Data/MonoBleedingEdge/lib/mono/unityjit'
Mono config path = 'C:/Program Files/Unity/Hub/Editor/2020.3.5f1/Editor/Data/MonoBleedingEdge/etc'
Using monoOptions --debugger-agent=transport=dt_socket,embedding=1,server=y,suspend=n,address=127.0.0.1:56712
Begin MonoManager ReloadAssembly
Registering precompiled unity dll's ...
Register platform support module: C:/Program Files/Unity/Hub/Editor/2020.3.5f1/Editor/Data/PlaybackEngines/WebGLSupport/UnityEditor.WebGL.Extensions.dll
Register platform support module: C:/Program Files/Unity/Hub/Editor/2020.3.5f1/Editor/Data/PlaybackEngines/WindowsStandaloneSupport/UnityEditor.WindowsStandalone.Extensions.dll
Register platform support module: C:/Program Files/Unity/Hub/Editor/2020.3.5f1/Editor/Data/PlaybackEngines/LinuxStandaloneSupport/UnityEditor.LinuxStandalone.Extensions.dll
Registered in 0.002634 seconds.
Native extension for LinuxStandalone target not found
Native extension for WindowsStandalone target not found
Native extension for WebGL target not found
Refreshing native plugins compatible for Editor in 53.67 ms, found 0 plugins.
Preloading 0 native plugins for Editor in 0.00 ms.
Mono: successfully reloaded assembly
- Completed reload, in  1.886 seconds
Platform modules already initialized, skipping
Registering precompiled user dll's ...
Registered in 0.001292 seconds.
Begin MonoManager ReloadAssembly
Native extension for LinuxStandalone target not found
Native extension for WindowsStandalone target not found
Native extension for WebGL target not found
Refreshing native plugins compatible for Editor in 48.43 ms, found 0 plugins.
Preloading 0 native plugins for Editor in 0.00 ms.
Mono: successfully reloaded assembly
- Completed reload, in  0.883 seconds
Platform modules already initialized, skipping
========================================================================
Worker process is ready to serve import requests
Shader 'Universal Render Pipeline/Particles/Lit': fallback shader 'Universal Render Pipeline/Particles/SimpleLit' not found
Shader 'Universal Render Pipeline/Particles/Lit': fallback shader 'Universal Render Pipeline/Particles/SimpleLit' not found
Launched and connected shader compiler UnityShaderCompiler.exe after 0.05 seconds
Refreshing native plugins compatible for Editor in 0.57 ms, found 0 plugins.
Preloading 0 native plugins for Editor in 0.00 ms.
Unloading 2421 Unused Serialized files (Serialized files now loaded: 0)
System memory in use before: 113.0 MB.
System memory in use after: 110.2 MB.

Unloading 45 unused Assets to reduce memory usage. Loaded Objects now: 2827.
Total: 3.056900 ms (FindLiveObjects: 0.395400 ms CreateObjectMapping: 0.092300 ms MarkObjects: 1.484400 ms  DeleteObjects: 1.084000 ms)

========================================================================
Received Import Request.
  path: Assets/Readme.asset
  artifactKey: Guid(83c2ed844a8c74b779a4c823d16594b1) Importer(815301076,1909f56bfc062723c751e8b465ee728b)
Start importing Assets/Readme.asset using Guid(83c2ed844a8c74b779a4c823d16594b1) Importer(815301076,1909f56bfc062723c751e8b465ee728b)  -> (artifact id: 'fa7ed051ced4084210995b9ef96a3a7f') in 0.031974 seconds
  Import took 0.035849 seconds .

========================================================================
Received Import Request.
  Time since last request: 219.264743 seconds.
  path: Assets/Scenes
  artifactKey: Guid(81f8ee75f840bfd4da730c432f78177e) Importer(815301076,1909f56bfc062723c751e8b465ee728b)
Start importing Assets/Scenes using Guid(81f8ee75f840bfd4da730c432f78177e) Importer(815301076,1909f56bfc062723c751e8b465ee728b)  -> (artifact id: '4b190a2a342aa4b522622aa249aa8dcd') in 0.006553 seconds
  Import took 0.010273 seconds .

========================================================================
Received Import Request.
  Time since last request: 0.922715 seconds.
  path: Assets/Scenes/SampleScene.unity
  artifactKey: Guid(d1c3109bdb54ad54c8a2b2838528e640) Importer(815301076,1909f56bfc062723c751e8b465ee728b)
Start importing Assets/Scenes/SampleScene.unity using Guid(d1c3109bdb54ad54c8a2b2838528e640) Importer(815301076,1909f56bfc062723c751e8b465ee728b)  -> (artifact id: '83093a909175586670d8c0c286a4cd1f') in 0.006823 seconds
  Import took 0.010353 seconds .

========================================================================
Received Import Request.
  Time since last request: 6.236132 seconds.
  path: Assets/Scenes/MainMenu.unity
  artifactKey: Guid(d1c3109bdb54ad54c8a2b2838528e640) Importer(815301076,1909f56bfc062723c751e8b465ee728b)
Start importing Assets/Scenes/MainMenu.unity using Guid(d1c3109bdb54ad54c8a2b2838528e640) Importer(815301076,1909f56bfc062723c751e8b465ee728b)  -> (artifact id: '55aaeb4b99474f1199addd37b3c3b97d') in 0.007149 seconds
  Import took 0.010675 seconds .

========================================================================
Received Import Request.
  Time since last request: 0.000241 seconds.
  path: Assets/Scenes/MainMenu.unity
  artifactKey: Guid(d1c3109bdb54ad54c8a2b2838528e640) Importer(815301076,1909f56bfc062723c751e8b465ee728b)
Start importing Assets/Scenes/MainMenu.unity using Guid(d1c3109bdb54ad54c8a2b2838528e640) Importer(815301076,1909f56bfc062723c751e8b465ee728b)  -> (artifact id: '55aaeb4b99474f1199addd37b3c3b97d') in 0.002617 seconds
  Import took 0.006297 seconds .

========================================================================
Received Import Request.
  Time since last request: 231.827053 seconds.
  path: Assets
  artifactKey: Guid(00000000000000001000000000000000) Importer(815301076,1909f56bfc062723c751e8b465ee728b)
Start importing Assets using Guid(00000000000000001000000000000000) Importer(815301076,1909f56bfc062723c751e8b465ee728b)  -> (artifact id: 'e4856052512617ee48189cf1d7999900') in 0.006594 seconds
  Import took 0.010096 seconds .

========================================================================
Received Import Request.
  Time since last request: 3.648702 seconds.
  path: Assets/ExampleAssets
  artifactKey: Guid(990f5c2df70993f4987a388ca178996a) Importer(815301076,1909f56bfc062723c751e8b465ee728b)
Start importing Assets/ExampleAssets using Guid(990f5c2df70993f4987a388ca178996a) Importer(815301076,1909f56bfc062723c751e8b465ee728b)  -> (artifact id: '4456673676244c877c8f3931286173e7') in 0.006409 seconds
  Import took 0.009636 seconds .

========================================================================
Received Import Request.
  Time since last request: 6.379828 seconds.
  path: Assets/Prefabs
  artifactKey: Guid(44d7933c063669f468fa97bb33829dfb) Importer(815301076,1909f56bfc062723c751e8b465ee728b)
Start importing Assets/Prefabs using Guid(44d7933c063669f468fa97bb33829dfb) Importer(815301076,1909f56bfc062723c751e8b465ee728b)  -> (artifact id: '758bd138f64600fef9be11de7a4b6c03') in 0.005592 seconds
  Import took 0.008936 seconds .

========================================================================
Received Import Request.
  Time since last request: 5.115335 seconds.
  path: Assets/Prefabs/StartBtn.prefab
  artifactKey: Guid(6e5163b7affbaa842853220fa4da001c) Importer(815301076,1909f56bfc062723c751e8b465ee728b)
Start importing Assets/Prefabs/StartBtn.prefab using Guid(6e5163b7affbaa842853220fa4da001c) Importer(815301076,1909f56bfc062723c751e8b465ee728b)  -> (artifact id: '4088232aafd38f8ea6a54c647c739b12') in 0.065181 seconds
  Import took 0.068599 seconds .

========================================================================
Received Import Request.
  Time since last request: 19.728214 seconds.
  path: Assets/Prefabs/Ui_Button.prefab
  artifactKey: Guid(6e5163b7affbaa842853220fa4da001c) Importer(815301076,1909f56bfc062723c751e8b465ee728b)
Start importing Assets/Prefabs/Ui_Button.prefab using Guid(6e5163b7affbaa842853220fa4da001c) Importer(815301076,1909f56bfc062723c751e8b465ee728b)  -> (artifact id: 'f6f97a984ed9c047dff54d74b39c7c26') in 0.022624 seconds
  Import took 0.026295 seconds .

========================================================================
Received Prepare
Registering precompiled user dll's ...
Registered in 0.001246 seconds.
Begin MonoManager ReloadAssembly
Native extension for LinuxStandalone target not found
Native extension for WindowsStandalone target not found
Native extension for WebGL target not found
Refreshing native plugins compatible for Editor in 0.39 ms, found 0 plugins.
Preloading 0 native plugins for Editor in 0.00 ms.
Mono: successfully reloaded assembly
- Completed reload, in  0.710 seconds
Platform modules already initialized, skipping
Shader 'Universal Render Pipeline/Particles/Lit': fallback shader 'Universal Render Pipeline/Particles/SimpleLit' not found
Shader 'Universal Render Pipeline/Particles/Lit': fallback shader 'Universal Render Pipeline/Particles/SimpleLit' not found
Refreshing native plugins compatible for Editor in 0.43 ms, found 0 plugins.
Preloading 0 native plugins for Editor in 0.00 ms.
Unloading 2359 Unused Serialized files (Serialized files now loaded: 0)
System memory in use before: 111.5 MB.
System memory in use after: 108.0 MB.

Unloading 54 unused Assets to reduce memory usage. Loaded Objects now: 2830.
Total: 3.051100 ms (FindLiveObjects: 0.231600 ms CreateObjectMapping: 0.057900 ms MarkObjects: 1.429500 ms  DeleteObjects: 1.330800 ms)

========================================================================
Received Import Request.
  Time since last request: 147.439826 seconds.
  path: Assets/Scenes/Game.unity
  artifactKey: Guid(5a04f2911f9b6aa4d8f7de26481acb06) Importer(815301076,1909f56bfc062723c751e8b465ee728b)
Start importing Assets/Scenes/Game.unity using Guid(5a04f2911f9b6aa4d8f7de26481acb06) Importer(815301076,1909f56bfc062723c751e8b465ee728b)  -> (artifact id: '8dfe4540a3c8fd7a38397829afff4476') in 0.014272 seconds
  Import took 0.017596 seconds .

AssetImportWorkerClient::OnTransportError - code=2 error=End of file
